<?xml version="1.0" encoding="UTF-8"?>
<!-- Generated by org.testng.reporters.JUnitReportReporter -->
<testsuite hostname="ENCDXPAHDLT0386" failures="0" tests="1" name="dummy.Explicit_Implicit_Wait" time="0.073" errors="0" timestamp="2023-07-14T09:43:56 IST" skipped="0">
  <testcase classname="dummy.Explicit_Implicit_Wait" name="explicit_implicit_wait" time="0.073"/>
</testsuite> <!-- dummy.Explicit_Implicit_Wait -->
